<?xml version="1.0" encoding="UTF-8"?>
<!-- Generated by org.testng.reporters.JUnitXMLReporter -->
<testsuite hostname="Multinium" name="ActionManagerTest" tests="12" failures="0" timestamp="23 Dec 2016 17:38:02 GMT" time="0.048" errors="0">
  <testcase name="simpleActionWithKeyCodesTest1" time="0.014" classname="net.alantea.proper.test.ActionManagerTest"/>
  <testcase name="simpleActionWithKeyCodesTest2" time="0.001" classname="net.alantea.proper.test.ActionManagerTest"/>
  <testcase name="simpleCreationTest" time="0.001" classname="net.alantea.proper.test.ActionManagerTest"/>
  <testcase name="simpleActionTest" time="0.0" classname="net.alantea.proper.test.ActionManagerTest"/>
  <testcase name="simpleCreationTestWithAssociates" time="0.001" classname="net.alantea.proper.test.ActionManagerTest"/>
  <testcase name="simpleCreationTestWithName" time="0.0" classname="net.alantea.proper.test.ActionManagerTest"/>
  <testcase name="simpleActionWithParameterTest" time="0.001" classname="net.alantea.proper.test.ActionManagerTest"/>
  <testcase name="simpleActionWithParametersTest" time="0.001" classname="net.alantea.proper.test.ActionManagerTest"/>
  <testcase name="getNamedManagerTest" time="0.0" classname="net.alantea.proper.test.ActionManagerTest"/>
  <testcase name="simpleActionNamedTest" time="0.0" classname="net.alantea.proper.test.ActionManagerTest"/>
  <testcase name="simpleActionWithParameterNamedTest" time="0.0" classname="net.alantea.proper.test.ActionManagerTest"/>
  <testcase name="simpleActionWithParametersNamedTest" time="0.001" classname="net.alantea.proper.test.ActionManagerTest"/>
</testsuite> <!-- ActionManagerTest -->
