<?xml version="1.0" encoding="UTF-8"?>
<!-- Generated by org.testng.reporters.JUnitXMLReporter -->
<testsuite hostname="Multinium" name="BindTest" tests="3" failures="0" timestamp="23 Dec 2016 17:38:02 GMT" time="0.071" errors="0">
  <testcase name="simpleBindBiDirectionalTest" time="0.063" classname="net.alantea.proper.test.BindTest"/>
  <testcase name="simpleBindTest" time="0.002" classname="net.alantea.proper.test.BindTest"/>
  <testcase name="simpleKeycodedBindTest" time="0.002" classname="net.alantea.proper.test.BindTest"/>
</testsuite> <!-- BindTest -->
